<?xml version="1.0" encoding="UTF-8"?>
<beans xmlns:context="http://www.springframework.org/schema/context"
	xmlns:tx="http://www.springframework.org/schema/tx" xmlns:p="http://www.springframework.org/schema/p"
	xmlns:xsi="http://www.w3.org/2001/XMLSchema-instance" xmlns="http://www.springframework.org/schema/beans"
	xsi:schemaLocation="http://www.springframework.org/schema/beans
	http://www.springframework.org/schema/beans/spring-beans.xsd
	http://www.springframework.org/schema/context
	http://www.springframework.org/schema/context/spring-context.xsd
	http://www.springframework.org/schema/tx
	http://www.springframework.org/schema/tx/spring-tx.xsd">

	<context:annotation-config></context:annotation-config>
	<context:component-scan base-package="demo" />
	<context:property-placeholder location="classpath:database.properties" />

	<bean
		class="org.springframework.web.servlet.view.InternalResourceViewResolver">
		<property name="prefix" value="/WEB-INF/jsp/" />
		<property name="suffix" value=".jsp" />
	</bean>

	<bean class="org.springframework.jdbc.datasource.DriverManagerDataSource"
		name="dsObj" p:driverClassName="${db.driver}" p:url="${db.url}"
		p:username="${db.username}" p:password="${db.password}" />

	<bean
		class="org.springframework.orm.hibernate3.annotation.AnnotationSessionFactoryBean "
		name="sfObj">

		<property name="dataSource" ref="dsObj" />
		<property name="hibernateProperties">

			<props>
				<prop key="hibernate.dialect">${hibernate.dialect}</prop>
				<prop key="hibernate.hbm2ddl.auto">${hibernate.hbm2ddl.auto}</prop>
				<prop key="hibernate.show_sql">${hibernate.show_sql}</prop>
			</props>
		</property>

		<property name="annotatedClasses">
			<list>
				<value>demo.model.Employee</value>
				<value>demo.model.Department</value>
			</list>

		</property>
	</bean>

	<bean class="org.springframework.orm.hibernate3.HibernateTemplate"
		name="htObj">
		<property name="sessionFactory" ref="sfObj"></property>
	</bean>
</beans>